Loading FW Lite setup.

Processing skimBaby_SR.C++...
Info in <TUnixSystem::ACLiC>: creating shared library /home/users/jgwood/Stop_1Lepton/CMSSW_7_4_1_patch1/src/StopAnalysis/StopBabyAnalyzer/./skimBaby_SR_C.so
  Skimming: 
     /hadoop/cms/store/user/jgwood/condor/stop_1l_babies/stop_babies__CMS3_V070411__BabyMaker_V0704X_v9__20160127/merged_files/data_single_electron_2015D_promptRecoV4_25ns*.root
  Output will be written to: 
      /data/tmp/jgwood/temp_stopBabies__SKIMS__20160202/Skims_SR__20160202/data_single_electron_2015D_promptRecoV4_25ns_skimmed.root

  Skimming: 
     /hadoop/cms/store/user/jgwood/condor/stop_1l_babies/stop_babies__CMS3_V070411__BabyMaker_V0704X_v9__20160127/merged_files/data_single_electron_2015D_05Oct2015_v1_25ns*.root
  Output will be written to: 
      /data/tmp/jgwood/temp_stopBabies__SKIMS__20160202/Skims_SR__20160202/data_single_electron_2015D_05Oct2015_v1_25ns_skimmed.root

  Skimming: 
     /hadoop/cms/store/user/jgwood/condor/stop_1l_babies/stop_babies__CMS3_V070411__BabyMaker_V0704X_v9__20160127/merged_files/data_single_electron_2015C_25ns*.root
  Output will be written to: 
      /data/tmp/jgwood/temp_stopBabies__SKIMS__20160202/Skims_SR__20160202/data_single_electron_2015C_25ns_skimmed.root

  Skimming: 
     /hadoop/cms/store/user/jgwood/condor/stop_1l_babies/stop_babies__CMS3_V070411__BabyMaker_V0704X_v9__20160127/merged_files/data_single_muon_2015D_promptRecoV4_25ns*.root
  Output will be written to: 
      /data/tmp/jgwood/temp_stopBabies__SKIMS__20160202/Skims_SR__20160202/data_single_muon_2015D_promptRecoV4_25ns_skimmed.root

  Skimming: 
     /hadoop/cms/store/user/jgwood/condor/stop_1l_babies/stop_babies__CMS3_V070411__BabyMaker_V0704X_v9__20160127/merged_files/data_single_muon_2015D_05Oct2015_v1_25ns*.root
  Output will be written to: 
      /data/tmp/jgwood/temp_stopBabies__SKIMS__20160202/Skims_SR__20160202/data_single_muon_2015D_05Oct2015_v1_25ns_skimmed.root

  Skimming: 
     /hadoop/cms/store/user/jgwood/condor/stop_1l_babies/stop_babies__CMS3_V070411__BabyMaker_V0704X_v9__20160127/merged_files/data_single_muon_2015C_25ns*.root
  Output will be written to: 
      /data/tmp/jgwood/temp_stopBabies__SKIMS__20160202/Skims_SR__20160202/data_single_muon_2015C_25ns_skimmed.root

  Skimming: 
     /hadoop/cms/store/user/jgwood/condor/stop_1l_babies/stop_babies__CMS3_V070411__BabyMaker_V0704X_v9__20160127/merged_files/data_met_2015D_promptRecoV4_25ns*.root
  Output will be written to: 
      /data/tmp/jgwood/temp_stopBabies__SKIMS__20160202/Skims_SR__20160202/data_met_2015D_promptRecoV4_25ns_skimmed.root

  Skimming: 
     /hadoop/cms/store/user/jgwood/condor/stop_1l_babies/stop_babies__CMS3_V070411__BabyMaker_V0704X_v9__20160127/merged_files/data_met_2015D_05Oct2015_v1_25ns*.root
  Output will be written to: 
      /data/tmp/jgwood/temp_stopBabies__SKIMS__20160202/Skims_SR__20160202/data_met_2015D_05Oct2015_v1_25ns_skimmed.root

  Skimming: 
     /hadoop/cms/store/user/jgwood/condor/stop_1l_babies/stop_babies__CMS3_V070411__BabyMaker_V0704X_v9__20160127/merged_files/data_met_2015C_25ns*.root
  Output will be written to: 
      /data/tmp/jgwood/temp_stopBabies__SKIMS__20160202/Skims_SR__20160202/data_met_2015C_25ns_skimmed.root

  Skimming: 
     /hadoop/cms/store/user/jgwood/condor/stop_1l_babies/stop_babies__CMS3_V070411__BabyMaker_V0704X_v9__20160127/merged_files/data_double_eg_2015D_promptRecoV4_25ns*.root
  Output will be written to: 
      /data/tmp/jgwood/temp_stopBabies__SKIMS__20160202/Skims_SR__20160202/data_double_eg_2015D_promptRecoV4_25ns_skimmed.root

  Skimming: 
     /hadoop/cms/store/user/jgwood/condor/stop_1l_babies/stop_babies__CMS3_V070411__BabyMaker_V0704X_v9__20160127/merged_files/data_double_eg_2015D_05Oct2015_v1_25ns*.root
  Output will be written to: 
      /data/tmp/jgwood/temp_stopBabies__SKIMS__20160202/Skims_SR__20160202/data_double_eg_2015D_05Oct2015_v1_25ns_skimmed.root

  Skimming: 
     /hadoop/cms/store/user/jgwood/condor/stop_1l_babies/stop_babies__CMS3_V070411__BabyMaker_V0704X_v9__20160127/merged_files/data_double_eg_2015C_25ns*.root
  Output will be written to: 
      /data/tmp/jgwood/temp_stopBabies__SKIMS__20160202/Skims_SR__20160202/data_double_eg_2015C_25ns_skimmed.root

  Skimming: 
     /hadoop/cms/store/user/jgwood/condor/stop_1l_babies/stop_babies__CMS3_V070411__BabyMaker_V0704X_v9__20160127/merged_files/data_muon_eg_2015D_promptRecoV4_25ns*.root
  Output will be written to: 
      /data/tmp/jgwood/temp_stopBabies__SKIMS__20160202/Skims_SR__20160202/data_muon_eg_2015D_promptRecoV4_25ns_skimmed.root

  Skimming: 
     /hadoop/cms/store/user/jgwood/condor/stop_1l_babies/stop_babies__CMS3_V070411__BabyMaker_V0704X_v9__20160127/merged_files/data_muon_eg_2015D_05Oct2015_v2_25ns*.root
  Output will be written to: 
      /data/tmp/jgwood/temp_stopBabies__SKIMS__20160202/Skims_SR__20160202/data_muon_eg_2015D_05Oct2015_v2_25ns_skimmed.root

  Skimming: 
     /hadoop/cms/store/user/jgwood/condor/stop_1l_babies/stop_babies__CMS3_V070411__BabyMaker_V0704X_v9__20160127/merged_files/data_muon_eg_2015D_05Oct2015_v1_25ns*.root
  Output will be written to: 
      /data/tmp/jgwood/temp_stopBabies__SKIMS__20160202/Skims_SR__20160202/data_muon_eg_2015D_05Oct2015_v1_25ns_skimmed.root

  Skimming: 
     /hadoop/cms/store/user/jgwood/condor/stop_1l_babies/stop_babies__CMS3_V070411__BabyMaker_V0704X_v9__20160127/merged_files/data_muon_eg_2015C_25ns*.root
  Output will be written to: 
      /data/tmp/jgwood/temp_stopBabies__SKIMS__20160202/Skims_SR__20160202/data_muon_eg_2015C_25ns_skimmed.root

  Skimming: 
     /hadoop/cms/store/user/jgwood/condor/stop_1l_babies/stop_babies__CMS3_V070411__BabyMaker_V0704X_v9__20160127/merged_files/data_double_mu_2015D_promptRecoV4_25ns*.root
  Output will be written to: 
      /data/tmp/jgwood/temp_stopBabies__SKIMS__20160202/Skims_SR__20160202/data_double_mu_2015D_promptRecoV4_25ns_skimmed.root

  Skimming: 
     /hadoop/cms/store/user/jgwood/condor/stop_1l_babies/stop_babies__CMS3_V070411__BabyMaker_V0704X_v9__20160127/merged_files/data_double_mu_2015D_05Oct2015_v1_25ns*.root
  Output will be written to: 
      /data/tmp/jgwood/temp_stopBabies__SKIMS__20160202/Skims_SR__20160202/data_double_mu_2015D_05Oct2015_v1_25ns_skimmed.root

  Skimming: 
     /hadoop/cms/store/user/jgwood/condor/stop_1l_babies/stop_babies__CMS3_V070411__BabyMaker_V0704X_v9__20160127/merged_files/data_double_mu_2015C_25ns*.root
  Output will be written to: 
      /data/tmp/jgwood/temp_stopBabies__SKIMS__20160202/Skims_SR__20160202/data_double_mu_2015C_25ns_skimmed.root

  Skimming: 
     /hadoop/cms/store/user/jgwood/condor/stop_1l_babies/stop_babies__CMS3_V070411__BabyMaker_V0704X_v9__20160127/merged_files/ttbar_powheg_pythia8_25ns*.root
  Output will be written to: 
      /data/tmp/jgwood/temp_stopBabies__SKIMS__20160202/Skims_SR__20160202/ttbar_powheg_pythia8_25ns_skimmed.root

  Skimming: 
     /hadoop/cms/store/user/jgwood/condor/stop_1l_babies/stop_babies__CMS3_V070411__BabyMaker_V0704X_v9__20160127/merged_files/ttbar_powheg_pythia8_ext3_25ns*.root
  Output will be written to: 
      /data/tmp/jgwood/temp_stopBabies__SKIMS__20160202/Skims_SR__20160202/ttbar_powheg_pythia8_ext3_25ns_skimmed.root

  Skimming: 
     /hadoop/cms/store/user/jgwood/condor/stop_1l_babies/stop_babies__CMS3_V070411__BabyMaker_V0704X_v9__20160127/merged_files/t_sch_4f_amcnlo_pythia8_25ns*.root
  Output will be written to: 
      /data/tmp/jgwood/temp_stopBabies__SKIMS__20160202/Skims_SR__20160202/t_sch_4f_amcnlo_pythia8_25ns_skimmed.root

  Skimming: 
     /hadoop/cms/store/user/jgwood/condor/stop_1l_babies/stop_babies__CMS3_V070411__BabyMaker_V0704X_v9__20160127/merged_files/t_tch_4f_powheg_pythia8_25ns*.root
  Output will be written to: 
      /data/tmp/jgwood/temp_stopBabies__SKIMS__20160202/Skims_SR__20160202/t_tch_4f_powheg_pythia8_25ns_skimmed.root

  Skimming: 
     /hadoop/cms/store/user/jgwood/condor/stop_1l_babies/stop_babies__CMS3_V070411__BabyMaker_V0704X_v9__20160127/merged_files/tbar_tch_4f_powheg_pythia8_25ns*.root
  Output will be written to: 
      /data/tmp/jgwood/temp_stopBabies__SKIMS__20160202/Skims_SR__20160202/tbar_tch_4f_powheg_pythia8_25ns_skimmed.root

  Skimming: 
     /hadoop/cms/store/user/jgwood/condor/stop_1l_babies/stop_babies__CMS3_V070411__BabyMaker_V0704X_v9__20160127/merged_files/t_tW_5f_powheg_pythia8_25ns*.root
  Output will be written to: 
      /data/tmp/jgwood/temp_stopBabies__SKIMS__20160202/Skims_SR__20160202/t_tW_5f_powheg_pythia8_25ns_skimmed.root

  Skimming: 
     /hadoop/cms/store/user/jgwood/condor/stop_1l_babies/stop_babies__CMS3_V070411__BabyMaker_V0704X_v9__20160127/merged_files/t_tbarW_5f_powheg_pythia8_25ns*.root
  Output will be written to: 
      /data/tmp/jgwood/temp_stopBabies__SKIMS__20160202/Skims_SR__20160202/t_tbarW_5f_powheg_pythia8_25ns_skimmed.root

  Skimming: 
     /hadoop/cms/store/user/jgwood/condor/stop_1l_babies/stop_babies__CMS3_V070411__BabyMaker_V0704X_v9__20160127/merged_files/WJetsToLNu_madgraph_pythia8_25ns*.root
  Output will be written to: 
      /data/tmp/jgwood/temp_stopBabies__SKIMS__20160202/Skims_SR__20160202/WJetsToLNu_madgraph_pythia8_25ns_skimmed.root

  Skimming: 
     /hadoop/cms/store/user/jgwood/condor/stop_1l_babies/stop_babies__CMS3_V070411__BabyMaker_V0704X_v9__20160127/merged_files/WJetsToLNu_HT100To200_madgraph_pythia8_25ns*.root
  Output will be written to: 
      /data/tmp/jgwood/temp_stopBabies__SKIMS__20160202/Skims_SR__20160202/WJetsToLNu_HT100To200_madgraph_pythia8_25ns_skimmed.root

  Skimming: 
     /hadoop/cms/store/user/jgwood/condor/stop_1l_babies/stop_babies__CMS3_V070411__BabyMaker_V0704X_v9__20160127/merged_files/WJetsToLNu_HT200To400_madgraph_pythia8_25ns*.root
  Output will be written to: 
      /data/tmp/jgwood/temp_stopBabies__SKIMS__20160202/Skims_SR__20160202/WJetsToLNu_HT200To400_madgraph_pythia8_25ns_skimmed.root

  Skimming: 
     /hadoop/cms/store/user/jgwood/condor/stop_1l_babies/stop_babies__CMS3_V070411__BabyMaker_V0704X_v9__20160127/merged_files/WJetsToLNu_HT400To600_madgraph_pythia8_25ns*.root
  Output will be written to: 
      /data/tmp/jgwood/temp_stopBabies__SKIMS__20160202/Skims_SR__20160202/WJetsToLNu_HT400To600_madgraph_pythia8_25ns_skimmed.root

  Skimming: 
     /hadoop/cms/store/user/jgwood/condor/stop_1l_babies/stop_babies__CMS3_V070411__BabyMaker_V0704X_v9__20160127/merged_files/WJetsToLNu_HT600ToInf_madgraph_pythia8_25ns*.root
  Output will be written to: 
      /data/tmp/jgwood/temp_stopBabies__SKIMS__20160202/Skims_SR__20160202/WJetsToLNu_HT600ToInf_madgraph_pythia8_25ns_skimmed.root

  Skimming: 
     /hadoop/cms/store/user/jgwood/condor/stop_1l_babies/stop_babies__CMS3_V070411__BabyMaker_V0704X_v9__20160127/merged_files/WJetsToLNu_HT600To800_madgraph_pythia8_25ns*.root
  Output will be written to: 
      /data/tmp/jgwood/temp_stopBabies__SKIMS__20160202/Skims_SR__20160202/WJetsToLNu_HT600To800_madgraph_pythia8_25ns_skimmed.root

  Skimming: 
     /hadoop/cms/store/user/jgwood/condor/stop_1l_babies/stop_babies__CMS3_V070411__BabyMaker_V0704X_v9__20160127/merged_files/WJetsToLNu_HT800To1200_madgraph_pythia8_25ns*.root
  Output will be written to: 
      /data/tmp/jgwood/temp_stopBabies__SKIMS__20160202/Skims_SR__20160202/WJetsToLNu_HT800To1200_madgraph_pythia8_25ns_skimmed.root

  Skimming: 
     /hadoop/cms/store/user/jgwood/condor/stop_1l_babies/stop_babies__CMS3_V070411__BabyMaker_V0704X_v9__20160127/merged_files/WJetsToLNu_HT1200To2500_madgraph_pythia8_25ns*.root
  Output will be written to: 
      /data/tmp/jgwood/temp_stopBabies__SKIMS__20160202/Skims_SR__20160202/WJetsToLNu_HT1200To2500_madgraph_pythia8_25ns_skimmed.root

  Skimming: 
     /hadoop/cms/store/user/jgwood/condor/stop_1l_babies/stop_babies__CMS3_V070411__BabyMaker_V0704X_v9__20160127/merged_files/WJetsToLNu_HT2500ToInf_madgraph_pythia8_25ns*.root
  Output will be written to: 
      /data/tmp/jgwood/temp_stopBabies__SKIMS__20160202/Skims_SR__20160202/WJetsToLNu_HT2500ToInf_madgraph_pythia8_25ns_skimmed.root

  Skimming: 
     /hadoop/cms/store/user/jgwood/condor/stop_1l_babies/stop_babies__CMS3_V070411__BabyMaker_V0704X_v9__20160127/merged_files/DYJetsToLL_m10To50_amcnlo_pythia8_25ns*.root
  Output will be written to: 
      /data/tmp/jgwood/temp_stopBabies__SKIMS__20160202/Skims_SR__20160202/DYJetsToLL_m10To50_amcnlo_pythia8_25ns_skimmed.root

  Skimming: 
     /hadoop/cms/store/user/jgwood/condor/stop_1l_babies/stop_babies__CMS3_V070411__BabyMaker_V0704X_v9__20160127/merged_files/DYJetsToLL_m50_amcnlo_pythia8_25ns*.root
  Output will be written to: 
      /data/tmp/jgwood/temp_stopBabies__SKIMS__20160202/Skims_SR__20160202/DYJetsToLL_m50_amcnlo_pythia8_25ns_skimmed.root

  Skimming: 
     /hadoop/cms/store/user/jgwood/condor/stop_1l_babies/stop_babies__CMS3_V070411__BabyMaker_V0704X_v9__20160127/merged_files/WW_pythia8_25ns*.root
  Output will be written to: 
      /data/tmp/jgwood/temp_stopBabies__SKIMS__20160202/Skims_SR__20160202/WW_pythia8_25ns_skimmed.root

  Skimming: 
     /hadoop/cms/store/user/jgwood/condor/stop_1l_babies/stop_babies__CMS3_V070411__BabyMaker_V0704X_v9__20160127/merged_files/WWToLNuQQ_powheg_25ns*.root
  Output will be written to: 
      /data/tmp/jgwood/temp_stopBabies__SKIMS__20160202/Skims_SR__20160202/WWToLNuQQ_powheg_25ns_skimmed.root

  Skimming: 
     /hadoop/cms/store/user/jgwood/condor/stop_1l_babies/stop_babies__CMS3_V070411__BabyMaker_V0704X_v9__20160127/merged_files/WWTo2l2Nu_powheg_25ns*.root
  Output will be written to: 
      /data/tmp/jgwood/temp_stopBabies__SKIMS__20160202/Skims_SR__20160202/WWTo2l2Nu_powheg_25ns_skimmed.root

  Skimming: 
     /hadoop/cms/store/user/jgwood/condor/stop_1l_babies/stop_babies__CMS3_V070411__BabyMaker_V0704X_v9__20160127/merged_files/WWToLNuQQ_amcnlo_pythia8_25ns*.root
  Output will be written to: 
      /data/tmp/jgwood/temp_stopBabies__SKIMS__20160202/Skims_SR__20160202/WWToLNuQQ_amcnlo_pythia8_25ns_skimmed.root

  Skimming: 
     /hadoop/cms/store/user/jgwood/condor/stop_1l_babies/stop_babies__CMS3_V070411__BabyMaker_V0704X_v9__20160127/merged_files/WZ_pythia8_25ns*.root
  Output will be written to: 
      /data/tmp/jgwood/temp_stopBabies__SKIMS__20160202/Skims_SR__20160202/WZ_pythia8_25ns_skimmed.root

  Skimming: 
     /hadoop/cms/store/user/jgwood/condor/stop_1l_babies/stop_babies__CMS3_V070411__BabyMaker_V0704X_v9__20160127/merged_files/WZ_amcnlo_pythia8_25ns*.root
  Output will be written to: 
      /data/tmp/jgwood/temp_stopBabies__SKIMS__20160202/Skims_SR__20160202/WZ_amcnlo_pythia8_25ns_skimmed.root

  Skimming: 
     /hadoop/cms/store/user/jgwood/condor/stop_1l_babies/stop_babies__CMS3_V070411__BabyMaker_V0704X_v9__20160127/merged_files/WZTo3LNu_powheg_pythia8_25ns*.root
  Output will be written to: 
      /data/tmp/jgwood/temp_stopBabies__SKIMS__20160202/Skims_SR__20160202/WZTo3LNu_powheg_pythia8_25ns_skimmed.root

  Skimming: 
     /hadoop/cms/store/user/jgwood/condor/stop_1l_babies/stop_babies__CMS3_V070411__BabyMaker_V0704X_v9__20160127/merged_files/WZTo2L2Q_amcnlo_pythia8_25ns*.root
  Output will be written to: 
      /data/tmp/jgwood/temp_stopBabies__SKIMS__20160202/Skims_SR__20160202/WZTo2L2Q_amcnlo_pythia8_25ns_skimmed.root

  Skimming: 
     /hadoop/cms/store/user/jgwood/condor/stop_1l_babies/stop_babies__CMS3_V070411__BabyMaker_V0704X_v9__20160127/merged_files/WZTo1LNu2Q_amcnlo_pythia8_25ns*.root
  Output will be written to: 
      /data/tmp/jgwood/temp_stopBabies__SKIMS__20160202/Skims_SR__20160202/WZTo1LNu2Q_amcnlo_pythia8_25ns_skimmed.root

  Skimming: 
     /hadoop/cms/store/user/jgwood/condor/stop_1l_babies/stop_babies__CMS3_V070411__BabyMaker_V0704X_v9__20160127/merged_files/WZTo1L3Nu_amcnlo_pythia8*.root
  Output will be written to: 
      /data/tmp/jgwood/temp_stopBabies__SKIMS__20160202/Skims_SR__20160202/WZTo1L3Nu_amcnlo_pythia8_skimmed.root

  Skimming: 
     /hadoop/cms/store/user/jgwood/condor/stop_1l_babies/stop_babies__CMS3_V070411__BabyMaker_V0704X_v9__20160127/merged_files/ZZ_pythia8_25ns*.root
  Output will be written to: 
      /data/tmp/jgwood/temp_stopBabies__SKIMS__20160202/Skims_SR__20160202/ZZ_pythia8_25ns_skimmed.root

  Skimming: 
     /hadoop/cms/store/user/jgwood/condor/stop_1l_babies/stop_babies__CMS3_V070411__BabyMaker_V0704X_v9__20160127/merged_files/ZZTo4L_powheg_pythia8_25ns*.root
  Output will be written to: 
      /data/tmp/jgwood/temp_stopBabies__SKIMS__20160202/Skims_SR__20160202/ZZTo4L_powheg_pythia8_25ns_skimmed.root

  Skimming: 
     /hadoop/cms/store/user/jgwood/condor/stop_1l_babies/stop_babies__CMS3_V070411__BabyMaker_V0704X_v9__20160127/merged_files/ZZTo2Q2Nu_amcnlo_pythia8_25ns*.root
  Output will be written to: 
      /data/tmp/jgwood/temp_stopBabies__SKIMS__20160202/Skims_SR__20160202/ZZTo2Q2Nu_amcnlo_pythia8_25ns_skimmed.root

  Skimming: 
     /hadoop/cms/store/user/jgwood/condor/stop_1l_babies/stop_babies__CMS3_V070411__BabyMaker_V0704X_v9__20160127/merged_files/ZZTo2L2Q_amcnlo_pythia8_25ns*.root
  Output will be written to: 
      /data/tmp/jgwood/temp_stopBabies__SKIMS__20160202/Skims_SR__20160202/ZZTo2L2Q_amcnlo_pythia8_25ns_skimmed.root

  Skimming: 
     /hadoop/cms/store/user/jgwood/condor/stop_1l_babies/stop_babies__CMS3_V070411__BabyMaker_V0704X_v9__20160127/merged_files/ZZTo2L2Nu_powheg_pythia8_25ns*.root
  Output will be written to: 
      /data/tmp/jgwood/temp_stopBabies__SKIMS__20160202/Skims_SR__20160202/ZZTo2L2Nu_powheg_pythia8_25ns_skimmed.root

  Skimming: 
     /hadoop/cms/store/user/jgwood/condor/stop_1l_babies/stop_babies__CMS3_V070411__BabyMaker_V0704X_v9__20160127/merged_files/TTWJetsToLNu_amcnlo_pythia8_25ns*.root
  Output will be written to: 
      /data/tmp/jgwood/temp_stopBabies__SKIMS__20160202/Skims_SR__20160202/TTWJetsToLNu_amcnlo_pythia8_25ns_skimmed.root

  Skimming: 
     /hadoop/cms/store/user/jgwood/condor/stop_1l_babies/stop_babies__CMS3_V070411__BabyMaker_V0704X_v9__20160127/merged_files/TTWJetsToQQ_amcnlo_pythia8_25ns*.root
  Output will be written to: 
      /data/tmp/jgwood/temp_stopBabies__SKIMS__20160202/Skims_SR__20160202/TTWJetsToQQ_amcnlo_pythia8_25ns_skimmed.root

  Skimming: 
     /hadoop/cms/store/user/jgwood/condor/stop_1l_babies/stop_babies__CMS3_V070411__BabyMaker_V0704X_v9__20160127/merged_files/TTZToLLNuNu_M-10_amcnlo_pythia8_25ns*.root
  Output will be written to: 
      /data/tmp/jgwood/temp_stopBabies__SKIMS__20160202/Skims_SR__20160202/TTZToLLNuNu_M-10_amcnlo_pythia8_25ns_skimmed.root

  Skimming: 
     /hadoop/cms/store/user/jgwood/condor/stop_1l_babies/stop_babies__CMS3_V070411__BabyMaker_V0704X_v9__20160127/merged_files/TTZToQQ_amcnlo_pythia8_25ns*.root
  Output will be written to: 
      /data/tmp/jgwood/temp_stopBabies__SKIMS__20160202/Skims_SR__20160202/TTZToQQ_amcnlo_pythia8_25ns_skimmed.root

  Skimming: 
     /hadoop/cms/store/user/jgwood/condor/stop_1l_babies/stop_babies__CMS3_V070411__BabyMaker_V0704X_v9__20160127/merged_files/TTGJets_amcnlo_pythia8_25ns*.root
  Output will be written to: 
      /data/tmp/jgwood/temp_stopBabies__SKIMS__20160202/Skims_SR__20160202/TTGJets_amcnlo_pythia8_25ns_skimmed.root

  Skimming: 
     /hadoop/cms/store/user/jgwood/condor/stop_1l_babies/stop_babies__CMS3_V070411__BabyMaker_V0704X_v9__20160127/merged_files/tZq_ll_4f_amcnlo_pythia8_25ns*.root
  Output will be written to: 
      /data/tmp/jgwood/temp_stopBabies__SKIMS__20160202/Skims_SR__20160202/tZq_ll_4f_amcnlo_pythia8_25ns_skimmed.root

  Skimming: 
     /hadoop/cms/store/user/jgwood/condor/stop_1l_babies/stop_babies__CMS3_V070411__BabyMaker_V0704X_v9__20160127/merged_files/tZq_nunu_4f_amcnlo_pythia8_25ns*.root
  Output will be written to: 
      /data/tmp/jgwood/temp_stopBabies__SKIMS__20160202/Skims_SR__20160202/tZq_nunu_4f_amcnlo_pythia8_25ns_skimmed.root

  Skimming: 
     /hadoop/cms/store/user/jgwood/condor/stop_1l_babies/stop_babies__CMS3_V070411__BabyMaker_V0704X_v9__20160127/merged_files/tGJets_amcnlo_pythia8_25ns*.root
  Output will be written to: 
      /data/tmp/jgwood/temp_stopBabies__SKIMS__20160202/Skims_SR__20160202/tGJets_amcnlo_pythia8_25ns_skimmed.root

